<?xml version="1.0" encoding="utf-8"?><testsuites name="pytest tests"><testsuite name="pytest" errors="0" failures="0" skipped="0" tests="17" time="2.274" timestamp="2026-02-28T20:56:06.970120+00:00" hostname="agent-env-ca795347-f60b-4453-a8dd-edfb8a624130"><testcase classname="backend.tests.test_protocols_i18n.TestProtocolGuides" name="test_guides_default_returns_polish" time="0.239" /><testcase classname="backend.tests.test_protocols_i18n.TestProtocolGuides" name="test_guides_lang_en_returns_english" time="0.116" /><testcase classname="backend.tests.test_protocols_i18n.TestProtocolGuides" name="test_guides_lang_de_returns_german" time="0.095" /><testcase classname="backend.tests.test_protocols_i18n.TestProtocolGuides" name="test_single_guide_en" time="0.110" /><testcase classname="backend.tests.test_protocols_i18n.TestProtocolGuides" name="test_single_guide_de" time="0.168" /><testcase classname="backend.tests.test_protocols_i18n.TestProtocolTemplates" name="test_templates_default_returns_polish" time="0.117" /><testcase classname="backend.tests.test_protocols_i18n.TestProtocolTemplates" name="test_templates_lang_en_returns_english" time="0.099" /><testcase classname="backend.tests.test_protocols_i18n.TestProtocolTemplates" name="test_templates_lang_de_returns_german" time="0.116" /><testcase classname="backend.tests.test_protocols_i18n.TestProtocolExamples" name="test_examples_default_returns_polish" time="0.139" /><testcase classname="backend.tests.test_protocols_i18n.TestProtocolExamples" name="test_examples_lang_en_returns_english" time="0.106" /><testcase classname="backend.tests.test_protocols_i18n.TestProtocolExamples" name="test_examples_lang_de_returns_german" time="0.105" /><testcase classname="backend.tests.test_protocols_i18n.TestProtocolExamples" name="test_single_example_en" time="0.123" /><testcase classname="backend.tests.test_protocols_i18n.TestProtocolExamples" name="test_single_example_de" time="0.163" /><testcase classname="backend.tests.test_protocols_i18n.TestProtocolExamples" name="test_example_with_fail_results_en" time="0.103" /><testcase classname="backend.tests.test_protocols_i18n.TestInvalidParameters" name="test_invalid_lang_rejected" time="0.125" /><testcase classname="backend.tests.test_protocols_i18n.TestInvalidParameters" name="test_nonexistent_guide_404" time="0.151" /><testcase classname="backend.tests.test_protocols_i18n.TestInvalidParameters" name="test_nonexistent_example_404" time="0.117" /></testsuite></testsuites>