<?xml version="1.0" encoding="utf-8"?><testsuites name="pytest tests"><testsuite name="pytest" errors="0" failures="0" skipped="0" tests="21" time="2.650" timestamp="2026-02-28T20:38:08.360637+00:00" hostname="agent-env-ca795347-f60b-4453-a8dd-edfb8a624130"><testcase classname="backend.tests.test_i18n.TestI18nFunctions" name="test_functions_polish_default" time="0.239" /><testcase classname="backend.tests.test_i18n.TestI18nFunctions" name="test_functions_english" time="0.107" /><testcase classname="backend.tests.test_i18n.TestI18nFunctions" name="test_functions_german" time="0.118" /><testcase classname="backend.tests.test_i18n.TestI18nFunctions" name="test_function_details_english" time="0.137" /><testcase classname="backend.tests.test_i18n.TestI18nFunctions" name="test_function_details_german" time="0.128" /><testcase classname="backend.tests.test_i18n.TestI18nFAQ" name="test_faq_polish" time="0.109" /><testcase classname="backend.tests.test_i18n.TestI18nFAQ" name="test_faq_english" time="0.171" /><testcase classname="backend.tests.test_i18n.TestI18nFAQ" name="test_faq_german" time="0.109" /><testcase classname="backend.tests.test_i18n.TestI18nErrorCodes" name="test_error_codes_polish" time="0.109" /><testcase classname="backend.tests.test_i18n.TestI18nErrorCodes" name="test_error_codes_english" time="0.103" /><testcase classname="backend.tests.test_i18n.TestI18nErrorCodes" name="test_error_codes_german" time="0.156" /><testcase classname="backend.tests.test_i18n.TestI18nQuiz" name="test_quiz_polish" time="0.112" /><testcase classname="backend.tests.test_i18n.TestI18nQuiz" name="test_quiz_english" time="0.130" /><testcase classname="backend.tests.test_i18n.TestI18nQuiz" name="test_quiz_german" time="0.110" /><testcase classname="backend.tests.test_i18n.TestI18nChecklists" name="test_checklists_polish" time="0.114" /><testcase classname="backend.tests.test_i18n.TestI18nChecklists" name="test_checklists_english" time="0.130" /><testcase classname="backend.tests.test_i18n.TestI18nChecklists" name="test_checklists_german" time="0.107" /><testcase classname="backend.tests.test_i18n.TestI18nSearch" name="test_search_polish" time="0.106" /><testcase classname="backend.tests.test_i18n.TestI18nSearch" name="test_search_english" time="0.109" /><testcase classname="backend.tests.test_i18n.TestI18nSearch" name="test_search_german" time="0.092" /><testcase classname="backend.tests.test_i18n.TestI18nInvalidLang" name="test_invalid_lang_rejected" time="0.097" /></testsuite></testsuites>