<?xml version="1.0" encoding="utf-8"?><testsuites name="pytest tests"><testsuite name="pytest" errors="0" failures="0" skipped="0" tests="28" time="3.903" timestamp="2026-02-28T19:15:58.968311+00:00" hostname="agent-env-ca795347-f60b-4453-a8dd-edfb8a624130"><testcase classname="backend.tests.test_mpi530_api.TestRootAPI" name="test_root_endpoint_returns_success" time="0.304" /><testcase classname="backend.tests.test_mpi530_api.TestFunctionsAPI" name="test_get_all_functions_returns_10_items" time="0.110" /><testcase classname="backend.tests.test_mpi530_api.TestFunctionsAPI" name="test_all_functions_have_required_fields" time="0.109" /><testcase classname="backend.tests.test_mpi530_api.TestFunctionsAPI" name="test_functions_are_in_polish" time="0.150" /><testcase classname="backend.tests.test_mpi530_api.TestFunctionsAPI" name="test_get_rcd_function_by_id" time="0.107" /><testcase classname="backend.tests.test_mpi530_api.TestFunctionsAPI" name="test_get_loop_function_by_id" time="0.113" /><testcase classname="backend.tests.test_mpi530_api.TestFunctionsAPI" name="test_get_nonexistent_function_returns_404" time="0.102" /><testcase classname="backend.tests.test_mpi530_api.TestCalculatorAPI" name="test_calculator_basic_calculation" time="0.111" /><testcase classname="backend.tests.test_mpi530_api.TestCalculatorAPI" name="test_calculator_recommendations_provided" time="0.101" /><testcase classname="backend.tests.test_mpi530_api.TestCableCalculatorAPI" name="test_cable_calculator_basic" time="0.119" /><testcase classname="backend.tests.test_mpi530_api.TestCableCalculatorAPI" name="test_cable_calculator_returns_suitable_options" time="0.109" /><testcase classname="backend.tests.test_mpi530_api.TestChecklistsAPI" name="test_get_all_checklists" time="0.125" /><testcase classname="backend.tests.test_mpi530_api.TestChecklistsAPI" name="test_checklists_have_items" time="0.127" /><testcase classname="backend.tests.test_mpi530_api.TestQuizAPI" name="test_get_quiz_questions" time="0.113" /><testcase classname="backend.tests.test_mpi530_api.TestQuizAPI" name="test_quiz_questions_have_options" time="0.119" /><testcase classname="backend.tests.test_mpi530_api.TestQuizAPI" name="test_quiz_check_answers" time="0.223" /><testcase classname="backend.tests.test_mpi530_api.TestNormsAPI" name="test_get_all_norms" time="0.103" /><testcase classname="backend.tests.test_mpi530_api.TestErrorCodesAPI" name="test_get_error_codes" time="0.134" /><testcase classname="backend.tests.test_mpi530_api.TestDiagramsAPI" name="test_get_diagrams" time="0.252" /><testcase classname="backend.tests.test_mpi530_api.TestProtocolGuidesAPI" name="test_get_protocol_guides" time="0.119" /><testcase classname="backend.tests.test_mpi530_api.TestProtocolGuidesAPI" name="test_guide_has_steps" time="0.110" /><testcase classname="backend.tests.test_mpi530_api.TestProtocolTemplatesAPI" name="test_get_protocol_templates" time="0.123" /><testcase classname="backend.tests.test_mpi530_api.TestProtocolExamplesAPI" name="test_get_protocol_examples" time="0.138" /><testcase classname="backend.tests.test_mpi530_api.TestProtocolExamplesAPI" name="test_example_has_measurements" time="0.133" /><testcase classname="backend.tests.test_mpi530_api.TestSearchAPI" name="test_search_rcd" time="0.174" /><testcase classname="backend.tests.test_mpi530_api.TestSearchAPI" name="test_search_polish_word" time="0.100" /><testcase classname="backend.tests.test_mpi530_api.TestImagesAPI" name="test_get_meter_images" time="0.118" /><testcase classname="backend.tests.test_mpi530_api.TestFAQAPI" name="test_get_faq" time="0.117" /></testsuite></testsuites>